Using pre-set license
Built from '2020.3/staging' branch; Version is '2020.3.25f1 (9b9180224418) revision 10195328'; Using compiler version '192528614'; Build Type 'Release'
OS: 'Windows 10  (10.0.19042) 64bit Core' Language: 'tr' Physical Memory: 8071 MB
BatchMode: 1, IsHumanControllingUs: 0, StartBugReporterOnCrash: 0, Is64bit: 1, IsPro: 0

COMMAND LINE ARGUMENTS:
D:\unity\2020.3.25f1\Editor\Unity.exe
-adb2
-batchMode
-noUpm
-name
AssetImportWorker0
-projectPath
D:/unity/2D Hyper Casual Serisi/BasicMesh
-logFile
Logs/AssetImportWorker0.log
-srvPort
58437
Successfully changed project path to: D:/unity/2D Hyper Casual Serisi/BasicMesh
D:/unity/2D Hyper Casual Serisi/BasicMesh
Using Asset Import Pipeline V2.
Refreshing native plugins compatible for Editor in 50.75 ms, found 2 plugins.
Preloading 0 native plugins for Editor in 0.00 ms.
Initialize engine version: 2020.3.25f1 (9b9180224418)
[Subsystems] Discovering subsystems at path D:/unity/2020.3.25f1/Editor/Data/Resources/UnitySubsystems
[Subsystems] Discovering subsystems at path D:/unity/2D Hyper Casual Serisi/BasicMesh/Assets
GfxDevice: creating device client; threaded=0
Direct3D:
    Version:  Direct3D 11.0 [level 11.0]
    Renderer: NVIDIA GeForce MX110 (ID=0x174e)
    Vendor:   
    VRAM:     2010 MB
    Driver:   27.21.14.5749
Initialize mono
Mono path[0] = 'D:/unity/2020.3.25f1/Editor/Data/Managed'
Mono path[1] = 'D:/unity/2020.3.25f1/Editor/Data/MonoBleedingEdge/lib/mono/unityjit'
Mono config path = 'D:/unity/2020.3.25f1/Editor/Data/MonoBleedingEdge/etc'
Using monoOptions --debugger-agent=transport=dt_socket,embedding=1,server=y,suspend=n,address=127.0.0.1:56188
Begin MonoManager ReloadAssembly
Registering precompiled unity dll's ...
Register platform support module: D:/unity/2020.3.25f1/Editor/Data/PlaybackEngines/WebGLSupport/UnityEditor.WebGL.Extensions.dll
Register platform support module: D:/unity/2020.3.25f1/Editor/Data/PlaybackEngines/WindowsStandaloneSupport/UnityEditor.WindowsStandalone.Extensions.dll
Register platform support module: D:/unity/2020.3.25f1/Editor/Data/PlaybackEngines/LuminSupport/UnityEditor.Lumin.Extensions.dll
Registered in 0.004385 seconds.
Native extension for Lumin target not found
Native extension for WindowsStandalone target not found
Native extension for WebGL target not found
Refreshing native plugins compatible for Editor in 367.05 ms, found 2 plugins.
Preloading 0 native plugins for Editor in 0.00 ms.
Mono: successfully reloaded assembly
- Completed reload, in  1.371 seconds
Domain Reload Profiling:
	ReloadAssembly (1371ms)
		BeginReloadAssembly (70ms)
			ExecutionOrderSort (0ms)
			DisableScriptedObjects (0ms)
			BackupInstance (0ms)
			ReleaseScriptingObjects (0ms)
			CreateAndSetChildDomain (2ms)
		EndReloadAssembly (1154ms)
			LoadAssemblies (69ms)
			RebuildTransferFunctionScriptingTraits (1ms)
			SetupTypeCache (197ms)
			ReleaseScriptCaches (0ms)
			RebuildScriptCaches (65ms)
			SetupLoadedEditorAssemblies (720ms)
				LogAssemblyErrors (0ms)
				InitializePlatformSupportModulesInManaged (21ms)
				SetLoadedEditorAssemblies (0ms)
				RefreshPlugins (367ms)
				BeforeProcessingInitializeOnLoad (115ms)
				ProcessInitializeOnLoadAttributes (178ms)
				ProcessInitializeOnLoadMethodAttributes (38ms)
				AfterProcessingInitializeOnLoad (0ms)
				EditorAssembliesLoaded (1ms)
			ExecutionOrderSort2 (0ms)
			AwakeInstancesAfterBackupRestoration (0ms)
Platform modules already initialized, skipping
Registering precompiled user dll's ...
Registered in 0.016006 seconds.
Begin MonoManager ReloadAssembly
Native extension for Lumin target not found
Native extension for WindowsStandalone target not found
Native extension for WebGL target not found
Refreshing native plugins compatible for Editor in 12.46 ms, found 2 plugins.
Preloading 0 native plugins for Editor in 0.00 ms.
Mono: successfully reloaded assembly
- Completed reload, in  6.602 seconds
Domain Reload Profiling:
	ReloadAssembly (6606ms)
		BeginReloadAssembly (478ms)
			ExecutionOrderSort (0ms)
			DisableScriptedObjects (16ms)
			BackupInstance (0ms)
			ReleaseScriptingObjects (0ms)
			CreateAndSetChildDomain (26ms)
		EndReloadAssembly (6013ms)
			LoadAssemblies (381ms)
			RebuildTransferFunctionScriptingTraits (0ms)
			SetupTypeCache (2262ms)
			ReleaseScriptCaches (1ms)
			RebuildScriptCaches (286ms)
			SetupLoadedEditorAssemblies (2060ms)
				LogAssemblyErrors (0ms)
				InitializePlatformSupportModulesInManaged (31ms)
				SetLoadedEditorAssemblies (12ms)
				RefreshPlugins (25ms)
				BeforeProcessingInitializeOnLoad (613ms)
				ProcessInitializeOnLoadAttributes (1348ms)
				ProcessInitializeOnLoadMethodAttributes (27ms)
				AfterProcessingInitializeOnLoad (4ms)
				EditorAssembliesLoaded (1ms)
			ExecutionOrderSort2 (0ms)
			AwakeInstancesAfterBackupRestoration (21ms)
Platform modules already initialized, skipping
========================================================================
Worker process is ready to serve import requests
Launched and connected shader compiler UnityShaderCompiler.exe after 0.28 seconds
Refreshing native plugins compatible for Editor in 0.66 ms, found 2 plugins.
Preloading 0 native plugins for Editor in 0.00 ms.
Unloading 1501 Unused Serialized files (Serialized files now loaded: 0)
System memory in use before: 67.9 MB.
System memory in use after: 67.9 MB.

Unloading 19 unused Assets to reduce memory usage. Loaded Objects now: 1934.
Total: 9.028500 ms (FindLiveObjects: 0.288800 ms CreateObjectMapping: 0.149300 ms MarkObjects: 8.234600 ms  DeleteObjects: 0.353600 ms)

AssetImportParameters requested are different than current active one (requested -> active):
  custom:framework-win-MediaFoundation: 216162199b28c13a410421893ffa2e32 -> 
  custom:video-decoder-ogg-theora: a1e56fd34408186e4bbccfd4996cb3dc -> 
  custom:container-muxer-webm: aa71ff27fc2769a1b78a27578f13a17b -> 
  custom:container-demuxer-webm: 4f35f7cbe854078d1ac9338744f61a02 -> 
  custom:container-demuxer-ogg: 62fdf1f143b41e24485cea50d1cbac27 -> 
  custom:video-encoder-webm-vp8: eb34c28f22e8b96e1ab97ce403110664 -> 
  custom:video-codec-MediaFoundation-h265: 746d11721c4dcdbdad8f713fa42b33f4 -> 
  custom:video-decoder-webm-vp8: 9c59270c3fd7afecdb556c50c9e8de78 -> 
  custom:audio-decoder-ogg-vorbis: bf7c407c2cedff20999df2af8eb42d56 -> 
  custom:audio-encoder-webm-vorbis: bf7c407c2cedff20999df2af8eb42d56 -> 
========================================================================
Received Import Request.
  path: Assets/RectAngleMesh.cs
  artifactKey: Guid(2e9c5e39dcfe9244d8b2bdd714dea833) Importer(815301076,1909f56bfc062723c751e8b465ee728b)
Start importing Assets/RectAngleMesh.cs using Guid(2e9c5e39dcfe9244d8b2bdd714dea833) Importer(815301076,1909f56bfc062723c751e8b465ee728b)  -> (artifact id: '8691467b9759388f41438156ec260bd4') in 0.117588 seconds 
  Import took 0.132763 seconds .

========================================================================
Received Import Request.
  Time since last request: 1159.662033 seconds.
  path: Assets/HareketliMesh.cs
  artifactKey: Guid(ab119274eeda20444834648c6577488f) Importer(815301076,1909f56bfc062723c751e8b465ee728b)
Start importing Assets/HareketliMesh.cs using Guid(ab119274eeda20444834648c6577488f) Importer(815301076,1909f56bfc062723c751e8b465ee728b)  -> (artifact id: 'acb28e2af8ec76f550e65a48ed9b8ad3') in 0.011991 seconds 
  Import took 0.069166 seconds .

========================================================================
Received Import Request.
  Time since last request: 19.699454 seconds.
  path: Assets/HareketliMesh.cs
  artifactKey: Guid(ab119274eeda20444834648c6577488f) Importer(815301076,1909f56bfc062723c751e8b465ee728b)
Start importing Assets/HareketliMesh.cs using Guid(ab119274eeda20444834648c6577488f) Importer(815301076,1909f56bfc062723c751e8b465ee728b)  -> (artifact id: 'ead832c664e3d40c2cb54955420637fc') in 0.010215 seconds 
  Import took 0.013092 seconds .

========================================================================
Received Import Request.
  Time since last request: 9.458692 seconds.
  path: Assets/HareketliMesh.cs
  artifactKey: Guid(ab119274eeda20444834648c6577488f) Importer(815301076,1909f56bfc062723c751e8b465ee728b)
Start importing Assets/HareketliMesh.cs using Guid(ab119274eeda20444834648c6577488f) Importer(815301076,1909f56bfc062723c751e8b465ee728b)  -> (artifact id: 'c7942b7e758f643080e1eee029a3bde1') in 0.006020 seconds 
  Import took 0.010104 seconds .

========================================================================
Received Import Request.
  Time since last request: 2.316637 seconds.
  path: Assets/HareketliMesh.cs
  artifactKey: Guid(ab119274eeda20444834648c6577488f) Importer(815301076,1909f56bfc062723c751e8b465ee728b)
Start importing Assets/HareketliMesh.cs using Guid(ab119274eeda20444834648c6577488f) Importer(815301076,1909f56bfc062723c751e8b465ee728b)  -> (artifact id: '9933962d1e74815b0a215b9c831012f9') in 0.005629 seconds 
  Import took 0.010455 seconds .

========================================================================
Received Import Request.
  Time since last request: 10.964473 seconds.
  path: Assets/HareketliMesh.cs
  artifactKey: Guid(ab119274eeda20444834648c6577488f) Importer(815301076,1909f56bfc062723c751e8b465ee728b)
Start importing Assets/HareketliMesh.cs using Guid(ab119274eeda20444834648c6577488f) Importer(815301076,1909f56bfc062723c751e8b465ee728b)  -> (artifact id: '1c199f64100634a0837d44ee321af4ab') in 0.007084 seconds 
  Import took 0.010699 seconds .

========================================================================
Received Import Request.
  Time since last request: 23.596254 seconds.
  path: Assets/HareketliMesh.cs
  artifactKey: Guid(ab119274eeda20444834648c6577488f) Importer(815301076,1909f56bfc062723c751e8b465ee728b)
Start importing Assets/HareketliMesh.cs using Guid(ab119274eeda20444834648c6577488f) Importer(815301076,1909f56bfc062723c751e8b465ee728b)  -> (artifact id: 'd651dc8d4e74067e1f687b313943f41d') in 0.008784 seconds 
  Import took 0.012667 seconds .

========================================================================
Received Import Request.
  Time since last request: 2.513040 seconds.
  path: Assets/HareketliMesh.cs
  artifactKey: Guid(ab119274eeda20444834648c6577488f) Importer(815301076,1909f56bfc062723c751e8b465ee728b)
Start importing Assets/HareketliMesh.cs using Guid(ab119274eeda20444834648c6577488f) Importer(815301076,1909f56bfc062723c751e8b465ee728b)  -> (artifact id: 'a56f1f047eea230febcc774a97f320bf') in 0.005544 seconds 
  Import took 0.011594 seconds .

========================================================================
Received Import Request.
  Time since last request: 8.004071 seconds.
  path: Assets/HareketliMesh.cs
  artifactKey: Guid(ab119274eeda20444834648c6577488f) Importer(815301076,1909f56bfc062723c751e8b465ee728b)
Start importing Assets/HareketliMesh.cs using Guid(ab119274eeda20444834648c6577488f) Importer(815301076,1909f56bfc062723c751e8b465ee728b)  -> (artifact id: 'c05262228635cb4366d79825a2133477') in 0.005696 seconds 
  Import took 0.008592 seconds .

========================================================================
Received Import Request.
  Time since last request: 25.790737 seconds.
  path: Assets/HareketliMesh.cs
  artifactKey: Guid(ab119274eeda20444834648c6577488f) Importer(815301076,1909f56bfc062723c751e8b465ee728b)
Start importing Assets/HareketliMesh.cs using Guid(ab119274eeda20444834648c6577488f) Importer(815301076,1909f56bfc062723c751e8b465ee728b)  -> (artifact id: 'df67ef1bb0cc837d869c24579c03f965') in 0.006274 seconds 
  Import took 0.010769 seconds .

========================================================================
Received Import Request.
  Time since last request: 26.353940 seconds.
  path: Assets/HareketliMesh.cs
  artifactKey: Guid(ab119274eeda20444834648c6577488f) Importer(815301076,1909f56bfc062723c751e8b465ee728b)
Start importing Assets/HareketliMesh.cs using Guid(ab119274eeda20444834648c6577488f) Importer(815301076,1909f56bfc062723c751e8b465ee728b)  -> (artifact id: '981a6561ee05c23899b0fefd59f8d96e') in 0.007330 seconds 
  Import took 0.012400 seconds .

========================================================================
Received Import Request.
  Time since last request: 31.621503 seconds.
  path: Assets/HareketliMesh.cs
  artifactKey: Guid(ab119274eeda20444834648c6577488f) Importer(815301076,1909f56bfc062723c751e8b465ee728b)
Start importing Assets/HareketliMesh.cs using Guid(ab119274eeda20444834648c6577488f) Importer(815301076,1909f56bfc062723c751e8b465ee728b)  -> (artifact id: '4261b1e34b1819e07bb500d6d70fd087') in 0.006432 seconds 
  Import took 0.010501 seconds .

========================================================================
Received Import Request.
  Time since last request: 0.817497 seconds.
  path: Assets/HareketliMesh.cs
  artifactKey: Guid(ab119274eeda20444834648c6577488f) Importer(815301076,1909f56bfc062723c751e8b465ee728b)
Start importing Assets/HareketliMesh.cs using Guid(ab119274eeda20444834648c6577488f) Importer(815301076,1909f56bfc062723c751e8b465ee728b)  -> (artifact id: '99131f0211fef7ad8a9c6f0274804737') in 0.007378 seconds 
  Import took 0.012338 seconds .

========================================================================
Received Import Request.
  Time since last request: 80.166635 seconds.
  path: Assets/HareketliMesh.cs
  artifactKey: Guid(ab119274eeda20444834648c6577488f) Importer(815301076,1909f56bfc062723c751e8b465ee728b)
Start importing Assets/HareketliMesh.cs using Guid(ab119274eeda20444834648c6577488f) Importer(815301076,1909f56bfc062723c751e8b465ee728b)  -> (artifact id: 'e9e256c5c9ef52593eeb6ed64e6f87da') in 0.007812 seconds 
  Import took 0.012553 seconds .

========================================================================
Received Import Request.
  Time since last request: 13.183825 seconds.
  path: Assets/HareketliMesh.cs
  artifactKey: Guid(ab119274eeda20444834648c6577488f) Importer(815301076,1909f56bfc062723c751e8b465ee728b)
Start importing Assets/HareketliMesh.cs using Guid(ab119274eeda20444834648c6577488f) Importer(815301076,1909f56bfc062723c751e8b465ee728b)  -> (artifact id: 'b8b7c305dcc1124ca257fb0b6d8c2d30') in 0.006180 seconds 
  Import took 0.012489 seconds .

========================================================================
Received Import Request.
  Time since last request: 15.445391 seconds.
  path: Assets/HareketliMesh.cs
  artifactKey: Guid(ab119274eeda20444834648c6577488f) Importer(815301076,1909f56bfc062723c751e8b465ee728b)
Start importing Assets/HareketliMesh.cs using Guid(ab119274eeda20444834648c6577488f) Importer(815301076,1909f56bfc062723c751e8b465ee728b)  -> (artifact id: 'f2fe8270907b0d5763d53082dc7e48d2') in 0.005918 seconds 
  Import took 0.010349 seconds .

========================================================================
Received Import Request.
  Time since last request: 6.620496 seconds.
  path: Assets/HareketliMesh.cs
  artifactKey: Guid(ab119274eeda20444834648c6577488f) Importer(815301076,1909f56bfc062723c751e8b465ee728b)
Start importing Assets/HareketliMesh.cs using Guid(ab119274eeda20444834648c6577488f) Importer(815301076,1909f56bfc062723c751e8b465ee728b)  -> (artifact id: '21d55d8a5d326220718b0f43015e64a1') in 0.006624 seconds 
  Import took 0.010868 seconds .

========================================================================
Received Import Request.
  Time since last request: 8.179579 seconds.
  path: Assets/HareketliMesh.cs
  artifactKey: Guid(ab119274eeda20444834648c6577488f) Importer(815301076,1909f56bfc062723c751e8b465ee728b)
Start importing Assets/HareketliMesh.cs using Guid(ab119274eeda20444834648c6577488f) Importer(815301076,1909f56bfc062723c751e8b465ee728b)  -> (artifact id: '5ef9830cdf645c0c9f00250a9491f313') in 0.005726 seconds 
  Import took 0.010638 seconds .

========================================================================
Received Import Request.
  Time since last request: 2.479876 seconds.
  path: Assets/HareketliMesh.cs
  artifactKey: Guid(ab119274eeda20444834648c6577488f) Importer(815301076,1909f56bfc062723c751e8b465ee728b)
Start importing Assets/HareketliMesh.cs using Guid(ab119274eeda20444834648c6577488f) Importer(815301076,1909f56bfc062723c751e8b465ee728b)  -> (artifact id: '580a06784d09e018999341e4cf0f2726') in 0.006775 seconds 
  Import took 0.012480 seconds .

========================================================================
Received Import Request.
  Time since last request: 34.783768 seconds.
  path: Assets/HareketliMesh.cs
  artifactKey: Guid(ab119274eeda20444834648c6577488f) Importer(815301076,1909f56bfc062723c751e8b465ee728b)
Start importing Assets/HareketliMesh.cs using Guid(ab119274eeda20444834648c6577488f) Importer(815301076,1909f56bfc062723c751e8b465ee728b)  -> (artifact id: '83a43123760c3260a9267789692d8b34') in 0.006209 seconds 
  Import took 0.012382 seconds .

========================================================================
Received Import Request.
  Time since last request: 0.892304 seconds.
  path: Assets/HareketliMesh.cs
  artifactKey: Guid(ab119274eeda20444834648c6577488f) Importer(815301076,1909f56bfc062723c751e8b465ee728b)
Start importing Assets/HareketliMesh.cs using Guid(ab119274eeda20444834648c6577488f) Importer(815301076,1909f56bfc062723c751e8b465ee728b)  -> (artifact id: '169a8df97db95962b635efbee8a2f8fb') in 0.007177 seconds 
  Import took 0.011072 seconds .

========================================================================
Received Import Request.
  Time since last request: 2.013891 seconds.
  path: Assets/HareketliMesh.cs
  artifactKey: Guid(ab119274eeda20444834648c6577488f) Importer(815301076,1909f56bfc062723c751e8b465ee728b)
Start importing Assets/HareketliMesh.cs using Guid(ab119274eeda20444834648c6577488f) Importer(815301076,1909f56bfc062723c751e8b465ee728b)  -> (artifact id: '8cad888785d9067f86b704505129a312') in 0.006720 seconds 
  Import took 0.010601 seconds .

========================================================================
Received Import Request.
  Time since last request: 1.836717 seconds.
  path: Assets/HareketliMesh.cs
  artifactKey: Guid(ab119274eeda20444834648c6577488f) Importer(815301076,1909f56bfc062723c751e8b465ee728b)
Start importing Assets/HareketliMesh.cs using Guid(ab119274eeda20444834648c6577488f) Importer(815301076,1909f56bfc062723c751e8b465ee728b)  -> (artifact id: '8189388106866d35ca47dd7c346b05bf') in 0.006511 seconds 
  Import took 0.009773 seconds .

========================================================================
Received Import Request.
  Time since last request: 15.295396 seconds.
  path: Assets/HareketliMesh.cs
  artifactKey: Guid(ab119274eeda20444834648c6577488f) Importer(815301076,1909f56bfc062723c751e8b465ee728b)
Start importing Assets/HareketliMesh.cs using Guid(ab119274eeda20444834648c6577488f) Importer(815301076,1909f56bfc062723c751e8b465ee728b)  -> (artifact id: 'd46b8257c06baa370b2711eb7dc4de7c') in 0.015122 seconds 
  Import took 0.020744 seconds .

========================================================================
Received Import Request.
  Time since last request: 20.000069 seconds.
  path: Assets/HareketliMesh.cs
  artifactKey: Guid(ab119274eeda20444834648c6577488f) Importer(815301076,1909f56bfc062723c751e8b465ee728b)
Start importing Assets/HareketliMesh.cs using Guid(ab119274eeda20444834648c6577488f) Importer(815301076,1909f56bfc062723c751e8b465ee728b)  -> (artifact id: 'd07b88cf7c291bde64ed35282c9800e5') in 0.007260 seconds 
  Import took 0.011391 seconds .

========================================================================
Received Import Request.
  Time since last request: 29.699928 seconds.
  path: Assets/HareketliMesh.cs
  artifactKey: Guid(ab119274eeda20444834648c6577488f) Importer(815301076,1909f56bfc062723c751e8b465ee728b)
Start importing Assets/HareketliMesh.cs using Guid(ab119274eeda20444834648c6577488f) Importer(815301076,1909f56bfc062723c751e8b465ee728b)  -> (artifact id: 'd767d73b04f8c2df1d78612d63ccf91a') in 0.006037 seconds 
  Import took 0.009623 seconds .

========================================================================
Received Import Request.
  Time since last request: 6.338118 seconds.
  path: Assets/HareketliMesh.cs
  artifactKey: Guid(ab119274eeda20444834648c6577488f) Importer(815301076,1909f56bfc062723c751e8b465ee728b)
Start importing Assets/HareketliMesh.cs using Guid(ab119274eeda20444834648c6577488f) Importer(815301076,1909f56bfc062723c751e8b465ee728b)  -> (artifact id: '470dc58bc4f4af6c75323a3e90e8db11') in 0.006118 seconds 
  Import took 0.010195 seconds .

========================================================================
Received Import Request.
  Time since last request: 1.292951 seconds.
  path: Assets/HareketliMesh.cs
  artifactKey: Guid(ab119274eeda20444834648c6577488f) Importer(815301076,1909f56bfc062723c751e8b465ee728b)
Start importing Assets/HareketliMesh.cs using Guid(ab119274eeda20444834648c6577488f) Importer(815301076,1909f56bfc062723c751e8b465ee728b)  -> (artifact id: '0d1e4c8521390ecf4fd57da6ca3738f2') in 0.005382 seconds 
  Import took 0.009863 seconds .

========================================================================
Received Import Request.
  Time since last request: 57.127930 seconds.
  path: Assets/HareketliMesh.cs
  artifactKey: Guid(ab119274eeda20444834648c6577488f) Importer(815301076,1909f56bfc062723c751e8b465ee728b)
Start importing Assets/HareketliMesh.cs using Guid(ab119274eeda20444834648c6577488f) Importer(815301076,1909f56bfc062723c751e8b465ee728b)  -> (artifact id: '65a5a6ba1d94ccbd2c289c67be5c2442') in 0.008627 seconds 
  Import took 0.016210 seconds .

========================================================================
Received Import Request.
  Time since last request: 26.353245 seconds.
  path: Assets/HareketliMesh.cs
  artifactKey: Guid(ab119274eeda20444834648c6577488f) Importer(815301076,1909f56bfc062723c751e8b465ee728b)
Start importing Assets/HareketliMesh.cs using Guid(ab119274eeda20444834648c6577488f) Importer(815301076,1909f56bfc062723c751e8b465ee728b)  -> (artifact id: 'd5426767055612c720f19a6be76df7ad') in 0.006228 seconds 
  Import took 0.009818 seconds .

========================================================================
Received Import Request.
  Time since last request: 18.146258 seconds.
  path: Assets/HareketliMesh.cs
  artifactKey: Guid(ab119274eeda20444834648c6577488f) Importer(815301076,1909f56bfc062723c751e8b465ee728b)
Start importing Assets/HareketliMesh.cs using Guid(ab119274eeda20444834648c6577488f) Importer(815301076,1909f56bfc062723c751e8b465ee728b)  -> (artifact id: 'a29d7748f841fb87f3308d88652ab018') in 0.005705 seconds 
  Import took 0.011335 seconds .

========================================================================
Received Import Request.
  Time since last request: 136.214554 seconds.
  path: Assets/HareketliMesh.cs
  artifactKey: Guid(ab119274eeda20444834648c6577488f) Importer(815301076,1909f56bfc062723c751e8b465ee728b)
Start importing Assets/HareketliMesh.cs using Guid(ab119274eeda20444834648c6577488f) Importer(815301076,1909f56bfc062723c751e8b465ee728b)  -> (artifact id: 'bdda3e6b95317312d41dc2aed615218d') in 0.008146 seconds 
  Import took 0.015651 seconds .

========================================================================
Received Import Request.
  Time since last request: 7.017177 seconds.
  path: Assets/HareketliMesh.cs
  artifactKey: Guid(ab119274eeda20444834648c6577488f) Importer(815301076,1909f56bfc062723c751e8b465ee728b)
Start importing Assets/HareketliMesh.cs using Guid(ab119274eeda20444834648c6577488f) Importer(815301076,1909f56bfc062723c751e8b465ee728b)  -> (artifact id: 'e5c65750f4af01c0eb6372f7c1a98357') in 0.005045 seconds 
  Import took 0.009736 seconds .

========================================================================
Received Import Request.
  Time since last request: 9.092861 seconds.
  path: Assets/HareketliMesh.cs
  artifactKey: Guid(ab119274eeda20444834648c6577488f) Importer(815301076,1909f56bfc062723c751e8b465ee728b)
Start importing Assets/HareketliMesh.cs using Guid(ab119274eeda20444834648c6577488f) Importer(815301076,1909f56bfc062723c751e8b465ee728b)  -> (artifact id: 'a9994cb1e7faf41140487c6b0122dd5e') in 0.007458 seconds 
  Import took 0.012743 seconds .

========================================================================
Received Import Request.
  Time since last request: 13.191719 seconds.
  path: Assets/HareketliMesh.cs
  artifactKey: Guid(ab119274eeda20444834648c6577488f) Importer(815301076,1909f56bfc062723c751e8b465ee728b)
Start importing Assets/HareketliMesh.cs using Guid(ab119274eeda20444834648c6577488f) Importer(815301076,1909f56bfc062723c751e8b465ee728b)  -> (artifact id: 'b3537447129bcb07d230ba47d2e1c216') in 0.009673 seconds 
  Import took 0.017026 seconds .

========================================================================
Received Import Request.
  Time since last request: 5.340973 seconds.
  path: Assets/HareketliMesh.cs
  artifactKey: Guid(ab119274eeda20444834648c6577488f) Importer(815301076,1909f56bfc062723c751e8b465ee728b)
Start importing Assets/HareketliMesh.cs using Guid(ab119274eeda20444834648c6577488f) Importer(815301076,1909f56bfc062723c751e8b465ee728b)  -> (artifact id: '634768b9b2e75d131c4abaddd5f1a7cc') in 0.015895 seconds 
  Import took 0.029066 seconds .

========================================================================
Received Import Request.
  Time since last request: 22.113616 seconds.
  path: Assets/HareketliMesh.cs
  artifactKey: Guid(ab119274eeda20444834648c6577488f) Importer(815301076,1909f56bfc062723c751e8b465ee728b)
Start importing Assets/HareketliMesh.cs using Guid(ab119274eeda20444834648c6577488f) Importer(815301076,1909f56bfc062723c751e8b465ee728b)  -> (artifact id: '8879e3a0012bfe4f22cc35f4b840baf6') in 0.006142 seconds 
  Import took 0.010355 seconds .

========================================================================
Received Import Request.
  Time since last request: 11.041009 seconds.
  path: Assets/HareketliMesh.cs
  artifactKey: Guid(ab119274eeda20444834648c6577488f) Importer(815301076,1909f56bfc062723c751e8b465ee728b)
Start importing Assets/HareketliMesh.cs using Guid(ab119274eeda20444834648c6577488f) Importer(815301076,1909f56bfc062723c751e8b465ee728b)  -> (artifact id: 'b95c484f2d78e02c2d6dbb680679b709') in 0.004879 seconds 
  Import took 0.008405 seconds .

========================================================================
Received Import Request.
  Time since last request: 4.096571 seconds.
  path: Assets/HareketliMesh.cs
  artifactKey: Guid(ab119274eeda20444834648c6577488f) Importer(815301076,1909f56bfc062723c751e8b465ee728b)
Start importing Assets/HareketliMesh.cs using Guid(ab119274eeda20444834648c6577488f) Importer(815301076,1909f56bfc062723c751e8b465ee728b)  -> (artifact id: '1770905cb9e7e7159c86a1eccd560629') in 0.004908 seconds 
  Import took 0.009150 seconds .

========================================================================
Received Import Request.
  Time since last request: 1.413262 seconds.
  path: Assets/HareketliMesh.cs
  artifactKey: Guid(ab119274eeda20444834648c6577488f) Importer(815301076,1909f56bfc062723c751e8b465ee728b)
Start importing Assets/HareketliMesh.cs using Guid(ab119274eeda20444834648c6577488f) Importer(815301076,1909f56bfc062723c751e8b465ee728b)  -> (artifact id: '109c59eb68ad1b798f39db044bb46e62') in 0.007221 seconds 
  Import took 0.011619 seconds .

========================================================================
Received Import Request.
  Time since last request: 5.207103 seconds.
  path: Assets/HareketliMesh.cs
  artifactKey: Guid(ab119274eeda20444834648c6577488f) Importer(815301076,1909f56bfc062723c751e8b465ee728b)
Start importing Assets/HareketliMesh.cs using Guid(ab119274eeda20444834648c6577488f) Importer(815301076,1909f56bfc062723c751e8b465ee728b)  -> (artifact id: '1ea8fe0842163ec00cc6e7483177aa88') in 0.006941 seconds 
  Import took 0.011545 seconds .

========================================================================
Received Import Request.
  Time since last request: 3.426990 seconds.
  path: Assets/HareketliMesh.cs
  artifactKey: Guid(ab119274eeda20444834648c6577488f) Importer(815301076,1909f56bfc062723c751e8b465ee728b)
Start importing Assets/HareketliMesh.cs using Guid(ab119274eeda20444834648c6577488f) Importer(815301076,1909f56bfc062723c751e8b465ee728b)  -> (artifact id: 'ad3b4c46c4ee5c13337e83122063f9b8') in 0.005713 seconds 
  Import took 0.010199 seconds .

========================================================================
Received Import Request.
  Time since last request: 2.183197 seconds.
  path: Assets/HareketliMesh.cs
  artifactKey: Guid(ab119274eeda20444834648c6577488f) Importer(815301076,1909f56bfc062723c751e8b465ee728b)
Start importing Assets/HareketliMesh.cs using Guid(ab119274eeda20444834648c6577488f) Importer(815301076,1909f56bfc062723c751e8b465ee728b)  -> (artifact id: '6b59a32c455a8a387e4508cd64576171') in 0.011762 seconds 
  Import took 0.017229 seconds .

========================================================================
Received Import Request.
  Time since last request: 15.411967 seconds.
  path: Assets/HareketliMesh.cs
  artifactKey: Guid(ab119274eeda20444834648c6577488f) Importer(815301076,1909f56bfc062723c751e8b465ee728b)
Start importing Assets/HareketliMesh.cs using Guid(ab119274eeda20444834648c6577488f) Importer(815301076,1909f56bfc062723c751e8b465ee728b)  -> (artifact id: '63baa728f4236220b17f465b269b949c') in 0.006906 seconds 
  Import took 0.010878 seconds .

========================================================================
Received Import Request.
  Time since last request: 3.829710 seconds.
  path: Assets/HareketliMesh.cs
  artifactKey: Guid(ab119274eeda20444834648c6577488f) Importer(815301076,1909f56bfc062723c751e8b465ee728b)
Start importing Assets/HareketliMesh.cs using Guid(ab119274eeda20444834648c6577488f) Importer(815301076,1909f56bfc062723c751e8b465ee728b)  -> (artifact id: '96cbd480aaa5d4bb952e3ec378d276d6') in 0.005241 seconds 
  Import took 0.010609 seconds .

========================================================================
Received Import Request.
  Time since last request: 2.262876 seconds.
  path: Assets/HareketliMesh.cs
  artifactKey: Guid(ab119274eeda20444834648c6577488f) Importer(815301076,1909f56bfc062723c751e8b465ee728b)
Start importing Assets/HareketliMesh.cs using Guid(ab119274eeda20444834648c6577488f) Importer(815301076,1909f56bfc062723c751e8b465ee728b)  -> (artifact id: 'a4ca554eb90bfc8c7685b32b0f3ac44f') in 0.003450 seconds 
  Import took 0.006384 seconds .

========================================================================
Received Import Request.
  Time since last request: 21.363238 seconds.
  path: Assets/HareketliMesh.cs
  artifactKey: Guid(ab119274eeda20444834648c6577488f) Importer(815301076,1909f56bfc062723c751e8b465ee728b)
Start importing Assets/HareketliMesh.cs using Guid(ab119274eeda20444834648c6577488f) Importer(815301076,1909f56bfc062723c751e8b465ee728b)  -> (artifact id: '50fbbc9ab1975c6e178155a2c34e5f22') in 0.005501 seconds 
  Import took 0.012715 seconds .

========================================================================
Received Import Request.
  Time since last request: 10.045687 seconds.
  path: Assets/HareketliMesh.cs
  artifactKey: Guid(ab119274eeda20444834648c6577488f) Importer(815301076,1909f56bfc062723c751e8b465ee728b)
Start importing Assets/HareketliMesh.cs using Guid(ab119274eeda20444834648c6577488f) Importer(815301076,1909f56bfc062723c751e8b465ee728b)  -> (artifact id: 'e04e65a7863bb06f70be59edab3df5c7') in 0.004016 seconds 
  Import took 0.007157 seconds .

========================================================================
Received Import Request.
  Time since last request: 5.123409 seconds.
  path: Assets/HareketliMesh.cs
  artifactKey: Guid(ab119274eeda20444834648c6577488f) Importer(815301076,1909f56bfc062723c751e8b465ee728b)
Start importing Assets/HareketliMesh.cs using Guid(ab119274eeda20444834648c6577488f) Importer(815301076,1909f56bfc062723c751e8b465ee728b)  -> (artifact id: 'a9c1ab6b8bd8de6b7effc0e844512f49') in 0.004742 seconds 
  Import took 0.008727 seconds .

========================================================================
Received Import Request.
  Time since last request: 5.967995 seconds.
  path: Assets/HareketliMesh.cs
  artifactKey: Guid(ab119274eeda20444834648c6577488f) Importer(815301076,1909f56bfc062723c751e8b465ee728b)
Start importing Assets/HareketliMesh.cs using Guid(ab119274eeda20444834648c6577488f) Importer(815301076,1909f56bfc062723c751e8b465ee728b)  -> (artifact id: '2117274365cac5f0f4a56a218fd079e5') in 0.003926 seconds 
  Import took 0.007939 seconds .

========================================================================
Received Import Request.
  Time since last request: 4.307726 seconds.
  path: Assets/HareketliMesh.cs
  artifactKey: Guid(ab119274eeda20444834648c6577488f) Importer(815301076,1909f56bfc062723c751e8b465ee728b)
Start importing Assets/HareketliMesh.cs using Guid(ab119274eeda20444834648c6577488f) Importer(815301076,1909f56bfc062723c751e8b465ee728b)  -> (artifact id: '85f95303ed0a1a61970fc017cffd6380') in 0.003808 seconds 
  Import took 0.008034 seconds .

========================================================================
Received Import Request.
  Time since last request: 6.403440 seconds.
  path: Assets/HareketliMesh.cs
  artifactKey: Guid(ab119274eeda20444834648c6577488f) Importer(815301076,1909f56bfc062723c751e8b465ee728b)
Start importing Assets/HareketliMesh.cs using Guid(ab119274eeda20444834648c6577488f) Importer(815301076,1909f56bfc062723c751e8b465ee728b)  -> (artifact id: '6dac6d5adc76ce63558644dd7561ef46') in 0.004413 seconds 
  Import took 0.020626 seconds .

========================================================================
Received Import Request.
  Time since last request: 6.661925 seconds.
  path: Assets/HareketliMesh.cs
  artifactKey: Guid(ab119274eeda20444834648c6577488f) Importer(815301076,1909f56bfc062723c751e8b465ee728b)
Start importing Assets/HareketliMesh.cs using Guid(ab119274eeda20444834648c6577488f) Importer(815301076,1909f56bfc062723c751e8b465ee728b)  -> (artifact id: 'ae6f704d1cf389305dc0ae61eb010d38') in 0.004455 seconds 
  Import took 0.008630 seconds .

========================================================================
Received Import Request.
  Time since last request: 68.213995 seconds.
  path: Assets/HareketliMesh.cs
  artifactKey: Guid(ab119274eeda20444834648c6577488f) Importer(815301076,1909f56bfc062723c751e8b465ee728b)
Start importing Assets/HareketliMesh.cs using Guid(ab119274eeda20444834648c6577488f) Importer(815301076,1909f56bfc062723c751e8b465ee728b)  -> (artifact id: 'c9dce074247caffc5fdc7929c7ac62ee') in 0.004604 seconds 
  Import took 0.014072 seconds .

========================================================================
Received Import Request.
  Time since last request: 18.949474 seconds.
  path: Assets/HareketliMesh.cs
  artifactKey: Guid(ab119274eeda20444834648c6577488f) Importer(815301076,1909f56bfc062723c751e8b465ee728b)
Start importing Assets/HareketliMesh.cs using Guid(ab119274eeda20444834648c6577488f) Importer(815301076,1909f56bfc062723c751e8b465ee728b)  -> (artifact id: 'fd1c3de1fa76858ee6d3df47ea17e812') in 0.003471 seconds 
  Import took 0.006255 seconds .

========================================================================
Received Import Request.
  Time since last request: 19.315085 seconds.
  path: Assets/HareketliMesh.cs
  artifactKey: Guid(ab119274eeda20444834648c6577488f) Importer(815301076,1909f56bfc062723c751e8b465ee728b)
Start importing Assets/HareketliMesh.cs using Guid(ab119274eeda20444834648c6577488f) Importer(815301076,1909f56bfc062723c751e8b465ee728b)  -> (artifact id: '3fce9c9dbb926eb4d9c68834129cbf97') in 0.003702 seconds 
  Import took 0.007039 seconds .

========================================================================
Received Import Request.
  Time since last request: 19.451031 seconds.
  path: Assets/HareketliMesh.cs
  artifactKey: Guid(ab119274eeda20444834648c6577488f) Importer(815301076,1909f56bfc062723c751e8b465ee728b)
Start importing Assets/HareketliMesh.cs using Guid(ab119274eeda20444834648c6577488f) Importer(815301076,1909f56bfc062723c751e8b465ee728b)  -> (artifact id: 'c1c8dee42695197bc9688e0299aa7fbd') in 0.004335 seconds 
  Import took 0.008415 seconds .

========================================================================
Received Import Request.
  Time since last request: 10.946682 seconds.
  path: Assets/HareketliMesh.cs
  artifactKey: Guid(ab119274eeda20444834648c6577488f) Importer(815301076,1909f56bfc062723c751e8b465ee728b)
Start importing Assets/HareketliMesh.cs using Guid(ab119274eeda20444834648c6577488f) Importer(815301076,1909f56bfc062723c751e8b465ee728b)  -> (artifact id: '96f8526e761a562741c182c3ed5f0031') in 0.004901 seconds 
  Import took 0.008269 seconds .

========================================================================
Received Import Request.
  Time since last request: 28.651750 seconds.
  path: Assets/HareketliMesh.cs
  artifactKey: Guid(ab119274eeda20444834648c6577488f) Importer(815301076,1909f56bfc062723c751e8b465ee728b)
Start importing Assets/HareketliMesh.cs using Guid(ab119274eeda20444834648c6577488f) Importer(815301076,1909f56bfc062723c751e8b465ee728b)  -> (artifact id: '6383374371c449cfd8d71f59de259165') in 0.003198 seconds 
  Import took 0.006082 seconds .

========================================================================
Received Import Request.
  Time since last request: 17.804162 seconds.
  path: Assets/HareketliMesh.cs
  artifactKey: Guid(ab119274eeda20444834648c6577488f) Importer(815301076,1909f56bfc062723c751e8b465ee728b)
Start importing Assets/HareketliMesh.cs using Guid(ab119274eeda20444834648c6577488f) Importer(815301076,1909f56bfc062723c751e8b465ee728b)  -> (artifact id: '6c1049c5738fb9428cbad55309650982') in 0.003677 seconds 
  Import took 0.009245 seconds .

========================================================================
Received Import Request.
  Time since last request: 0.919866 seconds.
  path: Assets/HareketliMesh.cs
  artifactKey: Guid(ab119274eeda20444834648c6577488f) Importer(815301076,1909f56bfc062723c751e8b465ee728b)
Start importing Assets/HareketliMesh.cs using Guid(ab119274eeda20444834648c6577488f) Importer(815301076,1909f56bfc062723c751e8b465ee728b)  -> (artifact id: 'c6663e2fd609906c02cc94ea7ae0e8c3') in 0.004238 seconds 
  Import took 0.008761 seconds .

========================================================================
Received Import Request.
  Time since last request: 29.098844 seconds.
  path: Assets/HareketliMesh.cs
  artifactKey: Guid(ab119274eeda20444834648c6577488f) Importer(815301076,1909f56bfc062723c751e8b465ee728b)
Start importing Assets/HareketliMesh.cs using Guid(ab119274eeda20444834648c6577488f) Importer(815301076,1909f56bfc062723c751e8b465ee728b)  -> (artifact id: '1303e2dc2993e4c35d8143ed6be43b48') in 0.004374 seconds 
  Import took 0.008472 seconds .

========================================================================
Received Import Request.
  Time since last request: 16.593268 seconds.
  path: Assets/HareketliMesh.cs
  artifactKey: Guid(ab119274eeda20444834648c6577488f) Importer(815301076,1909f56bfc062723c751e8b465ee728b)
Start importing Assets/HareketliMesh.cs using Guid(ab119274eeda20444834648c6577488f) Importer(815301076,1909f56bfc062723c751e8b465ee728b)  -> (artifact id: '9f8f315fe3379c9e7b4aeb56cd054ec7') in 0.003919 seconds 
  Import took 0.007784 seconds .

========================================================================
Received Import Request.
  Time since last request: 2.920248 seconds.
  path: Assets/HareketliMesh.cs
  artifactKey: Guid(ab119274eeda20444834648c6577488f) Importer(815301076,1909f56bfc062723c751e8b465ee728b)
Start importing Assets/HareketliMesh.cs using Guid(ab119274eeda20444834648c6577488f) Importer(815301076,1909f56bfc062723c751e8b465ee728b)  -> (artifact id: '830eec1c96c5a044f692afa861d5a938') in 0.003344 seconds 
  Import took 0.006219 seconds .

========================================================================
Received Import Request.
  Time since last request: 15.225269 seconds.
  path: Assets/HareketliMesh.cs
  artifactKey: Guid(ab119274eeda20444834648c6577488f) Importer(815301076,1909f56bfc062723c751e8b465ee728b)
Start importing Assets/HareketliMesh.cs using Guid(ab119274eeda20444834648c6577488f) Importer(815301076,1909f56bfc062723c751e8b465ee728b)  -> (artifact id: '90e9a4f736dffb6ab27860d1a1d2126e') in 0.003499 seconds 
  Import took 0.008995 seconds .

========================================================================
Received Import Request.
  Time since last request: 11.238309 seconds.
  path: Assets/HareketliMesh.cs
  artifactKey: Guid(ab119274eeda20444834648c6577488f) Importer(815301076,1909f56bfc062723c751e8b465ee728b)
Start importing Assets/HareketliMesh.cs using Guid(ab119274eeda20444834648c6577488f) Importer(815301076,1909f56bfc062723c751e8b465ee728b)  -> (artifact id: '168b7cb1a0ae5dad8169854e3e1be0e5') in 0.003242 seconds 
  Import took 0.005985 seconds .

========================================================================
Received Import Request.
  Time since last request: 36.298969 seconds.
  path: Assets/HareketliMesh.cs
  artifactKey: Guid(ab119274eeda20444834648c6577488f) Importer(815301076,1909f56bfc062723c751e8b465ee728b)
Start importing Assets/HareketliMesh.cs using Guid(ab119274eeda20444834648c6577488f) Importer(815301076,1909f56bfc062723c751e8b465ee728b)  -> (artifact id: '0c55ed6038d946d1aaf55bf62da08200') in 0.003509 seconds 
  Import took 0.006580 seconds .

========================================================================
Received Import Request.
  Time since last request: 32.122191 seconds.
  path: Assets/HareketliMesh.cs
  artifactKey: Guid(ab119274eeda20444834648c6577488f) Importer(815301076,1909f56bfc062723c751e8b465ee728b)
Start importing Assets/HareketliMesh.cs using Guid(ab119274eeda20444834648c6577488f) Importer(815301076,1909f56bfc062723c751e8b465ee728b)  -> (artifact id: 'e59ed5862a444aee8174f14aafb6701e') in 0.004004 seconds 
  Import took 0.007290 seconds .

========================================================================
Received Import Request.
  Time since last request: 7.717871 seconds.
  path: Assets/HareketliMesh.cs
  artifactKey: Guid(ab119274eeda20444834648c6577488f) Importer(815301076,1909f56bfc062723c751e8b465ee728b)
Start importing Assets/HareketliMesh.cs using Guid(ab119274eeda20444834648c6577488f) Importer(815301076,1909f56bfc062723c751e8b465ee728b)  -> (artifact id: 'ad89fbe3bb3a6c28002b0644b95f05ea') in 0.004128 seconds 
  Import took 0.007515 seconds .

========================================================================
Received Import Request.
  Time since last request: 6.332921 seconds.
  path: Assets/HareketliMesh.cs
  artifactKey: Guid(ab119274eeda20444834648c6577488f) Importer(815301076,1909f56bfc062723c751e8b465ee728b)
Start importing Assets/HareketliMesh.cs using Guid(ab119274eeda20444834648c6577488f) Importer(815301076,1909f56bfc062723c751e8b465ee728b)  -> (artifact id: 'ec3e752758dc2be91b75f2003d63f840') in 0.005483 seconds 
  Import took 0.010859 seconds .

========================================================================
Received Import Request.
  Time since last request: 14.456369 seconds.
  path: Assets/HareketliMesh.cs
  artifactKey: Guid(ab119274eeda20444834648c6577488f) Importer(815301076,1909f56bfc062723c751e8b465ee728b)
Start importing Assets/HareketliMesh.cs using Guid(ab119274eeda20444834648c6577488f) Importer(815301076,1909f56bfc062723c751e8b465ee728b)  -> (artifact id: '3968bf75eb440d1db44b49cb91a8c916') in 0.018533 seconds 
  Import took 0.036096 seconds .

========================================================================
Received Import Request.
  Time since last request: 7.043331 seconds.
  path: Assets/HareketliMesh.cs
  artifactKey: Guid(ab119274eeda20444834648c6577488f) Importer(815301076,1909f56bfc062723c751e8b465ee728b)
Start importing Assets/HareketliMesh.cs using Guid(ab119274eeda20444834648c6577488f) Importer(815301076,1909f56bfc062723c751e8b465ee728b)  -> (artifact id: 'fdf78e3268f01fd9b294a09f00765924') in 0.003680 seconds 
  Import took 0.007240 seconds .

========================================================================
Received Import Request.
  Time since last request: 14.465063 seconds.
  path: Assets/HareketliMesh.cs
  artifactKey: Guid(ab119274eeda20444834648c6577488f) Importer(815301076,1909f56bfc062723c751e8b465ee728b)
Start importing Assets/HareketliMesh.cs using Guid(ab119274eeda20444834648c6577488f) Importer(815301076,1909f56bfc062723c751e8b465ee728b)  -> (artifact id: 'c4e0fa89b733a585b2b102d47bfa8e5b') in 0.003728 seconds 
  Import took 0.006991 seconds .

========================================================================
Received Import Request.
  Time since last request: 8.624462 seconds.
  path: Assets/HareketliMesh.cs
  artifactKey: Guid(ab119274eeda20444834648c6577488f) Importer(815301076,1909f56bfc062723c751e8b465ee728b)
Start importing Assets/HareketliMesh.cs using Guid(ab119274eeda20444834648c6577488f) Importer(815301076,1909f56bfc062723c751e8b465ee728b)  -> (artifact id: '99dcfeec1c1ba5392af034f2d9c90d72') in 0.004691 seconds 
  Import took 0.009730 seconds .

========================================================================
Received Import Request.
  Time since last request: 2.626483 seconds.
  path: Assets/HareketliMesh.cs
  artifactKey: Guid(ab119274eeda20444834648c6577488f) Importer(815301076,1909f56bfc062723c751e8b465ee728b)
Start importing Assets/HareketliMesh.cs using Guid(ab119274eeda20444834648c6577488f) Importer(815301076,1909f56bfc062723c751e8b465ee728b)  -> (artifact id: 'fccc874298e9967d8cef1f700201aa8a') in 0.004913 seconds 
  Import took 0.010045 seconds .

========================================================================
Received Import Request.
  Time since last request: 15.097524 seconds.
  path: Assets/HareketliMesh.cs
  artifactKey: Guid(ab119274eeda20444834648c6577488f) Importer(815301076,1909f56bfc062723c751e8b465ee728b)
Start importing Assets/HareketliMesh.cs using Guid(ab119274eeda20444834648c6577488f) Importer(815301076,1909f56bfc062723c751e8b465ee728b)  -> (artifact id: '8f14c2113ce6a48633f1d9ace28cdaae') in 0.004006 seconds 
  Import took 0.009728 seconds .

========================================================================
Received Prepare
Registering precompiled user dll's ...
Registered in 0.180156 seconds.
Begin MonoManager ReloadAssembly
Native extension for Lumin target not found
Native extension for WindowsStandalone target not found
Native extension for WebGL target not found
Refreshing native plugins compatible for Editor in 0.34 ms, found 2 plugins.
Preloading 0 native plugins for Editor in 0.00 ms.
Mono: successfully reloaded assembly
- Completed reload, in  1.577 seconds
Domain Reload Profiling:
	ReloadAssembly (1582ms)
		BeginReloadAssembly (366ms)
			ExecutionOrderSort (0ms)
			DisableScriptedObjects (38ms)
			BackupInstance (0ms)
			ReleaseScriptingObjects (0ms)
			CreateAndSetChildDomain (177ms)
		EndReloadAssembly (1120ms)
			LoadAssemblies (153ms)
			RebuildTransferFunctionScriptingTraits (0ms)
			SetupTypeCache (382ms)
			ReleaseScriptCaches (1ms)
			RebuildScriptCaches (52ms)
			SetupLoadedEditorAssemblies (397ms)
				LogAssemblyErrors (0ms)
				InitializePlatformSupportModulesInManaged (8ms)
				SetLoadedEditorAssemblies (1ms)
				RefreshPlugins (0ms)
				BeforeProcessingInitializeOnLoad (106ms)
				ProcessInitializeOnLoadAttributes (268ms)
				ProcessInitializeOnLoadMethodAttributes (11ms)
				AfterProcessingInitializeOnLoad (3ms)
				EditorAssembliesLoaded (0ms)
			ExecutionOrderSort2 (0ms)
			AwakeInstancesAfterBackupRestoration (11ms)
Platform modules already initialized, skipping
Refreshing native plugins compatible for Editor in 0.38 ms, found 2 plugins.
Preloading 0 native plugins for Editor in 0.00 ms.
Unloading 1496 Unused Serialized files (Serialized files now loaded: 0)
System memory in use before: 67.8 MB.
System memory in use after: 67.9 MB.

Unloading 14 unused Assets to reduce memory usage. Loaded Objects now: 1937.
Total: 3.325000 ms (FindLiveObjects: 0.172500 ms CreateObjectMapping: 0.073500 ms MarkObjects: 3.053000 ms  DeleteObjects: 0.024700 ms)

AssetImportParameters requested are different than current active one (requested -> active):
  custom:framework-win-MediaFoundation: 216162199b28c13a410421893ffa2e32 -> 
  custom:video-decoder-ogg-theora: a1e56fd34408186e4bbccfd4996cb3dc -> 
  custom:container-muxer-webm: aa71ff27fc2769a1b78a27578f13a17b -> 
  custom:container-demuxer-webm: 4f35f7cbe854078d1ac9338744f61a02 -> 
  custom:container-demuxer-ogg: 62fdf1f143b41e24485cea50d1cbac27 -> 
  custom:video-encoder-webm-vp8: eb34c28f22e8b96e1ab97ce403110664 -> 
  custom:video-codec-MediaFoundation-h265: 746d11721c4dcdbdad8f713fa42b33f4 -> 
  custom:video-decoder-webm-vp8: 9c59270c3fd7afecdb556c50c9e8de78 -> 
  custom:audio-decoder-ogg-vorbis: bf7c407c2cedff20999df2af8eb42d56 -> 
  custom:audio-encoder-webm-vorbis: bf7c407c2cedff20999df2af8eb42d56 -> 
========================================================================
Received Prepare
Registering precompiled user dll's ...
Registered in 0.006124 seconds.
Begin MonoManager ReloadAssembly
Native extension for Lumin target not found
Native extension for WindowsStandalone target not found
Native extension for WebGL target not found
Refreshing native plugins compatible for Editor in 0.92 ms, found 2 plugins.
Preloading 0 native plugins for Editor in 0.00 ms.
Mono: successfully reloaded assembly
- Completed reload, in  1.822 seconds
Domain Reload Profiling:
	ReloadAssembly (1823ms)
		BeginReloadAssembly (143ms)
			ExecutionOrderSort (0ms)
			DisableScriptedObjects (9ms)
			BackupInstance (0ms)
			ReleaseScriptingObjects (0ms)
			CreateAndSetChildDomain (50ms)
		EndReloadAssembly (1607ms)
			LoadAssemblies (117ms)
			RebuildTransferFunctionScriptingTraits (0ms)
			SetupTypeCache (590ms)
			ReleaseScriptCaches (1ms)
			RebuildScriptCaches (62ms)
			SetupLoadedEditorAssemblies (562ms)
				LogAssemblyErrors (0ms)
				InitializePlatformSupportModulesInManaged (11ms)
				SetLoadedEditorAssemblies (1ms)
				RefreshPlugins (1ms)
				BeforeProcessingInitializeOnLoad (156ms)
				ProcessInitializeOnLoadAttributes (372ms)
				ProcessInitializeOnLoadMethodAttributes (15ms)
				AfterProcessingInitializeOnLoad (4ms)
				EditorAssembliesLoaded (0ms)
			ExecutionOrderSort2 (0ms)
			AwakeInstancesAfterBackupRestoration (11ms)
Platform modules already initialized, skipping
Refreshing native plugins compatible for Editor in 0.49 ms, found 2 plugins.
Preloading 0 native plugins for Editor in 0.00 ms.
Unloading 1496 Unused Serialized files (Serialized files now loaded: 0)
System memory in use before: 67.8 MB.
System memory in use after: 67.9 MB.

Unloading 14 unused Assets to reduce memory usage. Loaded Objects now: 1939.
Total: 2.908400 ms (FindLiveObjects: 0.145900 ms CreateObjectMapping: 0.060000 ms MarkObjects: 2.686500 ms  DeleteObjects: 0.015000 ms)

AssetImportParameters requested are different than current active one (requested -> active):
  custom:framework-win-MediaFoundation: 216162199b28c13a410421893ffa2e32 -> 
  custom:video-decoder-ogg-theora: a1e56fd34408186e4bbccfd4996cb3dc -> 
  custom:container-muxer-webm: aa71ff27fc2769a1b78a27578f13a17b -> 
  custom:container-demuxer-webm: 4f35f7cbe854078d1ac9338744f61a02 -> 
  custom:container-demuxer-ogg: 62fdf1f143b41e24485cea50d1cbac27 -> 
  custom:video-encoder-webm-vp8: eb34c28f22e8b96e1ab97ce403110664 -> 
  custom:video-codec-MediaFoundation-h265: 746d11721c4dcdbdad8f713fa42b33f4 -> 
  custom:video-decoder-webm-vp8: 9c59270c3fd7afecdb556c50c9e8de78 -> 
  custom:audio-decoder-ogg-vorbis: bf7c407c2cedff20999df2af8eb42d56 -> 
  custom:audio-encoder-webm-vorbis: bf7c407c2cedff20999df2af8eb42d56 -> 
========================================================================
Received Import Request.
  Time since last request: 31.569137 seconds.
  path: Assets/HareketliMesh.cs
  artifactKey: Guid(ab119274eeda20444834648c6577488f) Importer(815301076,1909f56bfc062723c751e8b465ee728b)
Start importing Assets/HareketliMesh.cs using Guid(ab119274eeda20444834648c6577488f) Importer(815301076,1909f56bfc062723c751e8b465ee728b)  -> (artifact id: '776f865e160b73beccd4d6b67509a956') in 0.010852 seconds 
  Import took 0.013997 seconds .

========================================================================
Received Prepare
Registering precompiled user dll's ...
Registered in 0.019626 seconds.
Begin MonoManager ReloadAssembly
Native extension for Lumin target not found
Native extension for WindowsStandalone target not found
Native extension for WebGL target not found
Refreshing native plugins compatible for Editor in 0.45 ms, found 2 plugins.
Preloading 0 native plugins for Editor in 0.00 ms.
Mono: successfully reloaded assembly
- Completed reload, in  2.160 seconds
Domain Reload Profiling:
	ReloadAssembly (2160ms)
		BeginReloadAssembly (240ms)
			ExecutionOrderSort (0ms)
			DisableScriptedObjects (14ms)
			BackupInstance (0ms)
			ReleaseScriptingObjects (0ms)
			CreateAndSetChildDomain (73ms)
		EndReloadAssembly (1728ms)
			LoadAssemblies (215ms)
			RebuildTransferFunctionScriptingTraits (0ms)
			SetupTypeCache (634ms)
			ReleaseScriptCaches (1ms)
			RebuildScriptCaches (84ms)
			SetupLoadedEditorAssemblies (607ms)
				LogAssemblyErrors (0ms)
				InitializePlatformSupportModulesInManaged (9ms)
				SetLoadedEditorAssemblies (1ms)
				RefreshPlugins (1ms)
				BeforeProcessingInitializeOnLoad (164ms)
				ProcessInitializeOnLoadAttributes (412ms)
				ProcessInitializeOnLoadMethodAttributes (15ms)
				AfterProcessingInitializeOnLoad (4ms)
				EditorAssembliesLoaded (0ms)
			ExecutionOrderSort2 (0ms)
			AwakeInstancesAfterBackupRestoration (14ms)
Platform modules already initialized, skipping
Refreshing native plugins compatible for Editor in 0.81 ms, found 2 plugins.
Preloading 0 native plugins for Editor in 0.00 ms.
Unloading 1496 Unused Serialized files (Serialized files now loaded: 0)
System memory in use before: 67.8 MB.
System memory in use after: 67.9 MB.

Unloading 14 unused Assets to reduce memory usage. Loaded Objects now: 1941.
Total: 5.556300 ms (FindLiveObjects: 0.292200 ms CreateObjectMapping: 0.161500 ms MarkObjects: 5.075300 ms  DeleteObjects: 0.025400 ms)

AssetImportParameters requested are different than current active one (requested -> active):
  custom:framework-win-MediaFoundation: 216162199b28c13a410421893ffa2e32 -> 
  custom:video-decoder-ogg-theora: a1e56fd34408186e4bbccfd4996cb3dc -> 
  custom:container-muxer-webm: aa71ff27fc2769a1b78a27578f13a17b -> 
  custom:container-demuxer-webm: 4f35f7cbe854078d1ac9338744f61a02 -> 
  custom:container-demuxer-ogg: 62fdf1f143b41e24485cea50d1cbac27 -> 
  custom:video-encoder-webm-vp8: eb34c28f22e8b96e1ab97ce403110664 -> 
  custom:video-codec-MediaFoundation-h265: 746d11721c4dcdbdad8f713fa42b33f4 -> 
  custom:video-decoder-webm-vp8: 9c59270c3fd7afecdb556c50c9e8de78 -> 
  custom:audio-decoder-ogg-vorbis: bf7c407c2cedff20999df2af8eb42d56 -> 
  custom:audio-encoder-webm-vorbis: bf7c407c2cedff20999df2af8eb42d56 -> 
========================================================================
Received Prepare
Registering precompiled user dll's ...
Registered in 0.004049 seconds.
Begin MonoManager ReloadAssembly
Native extension for Lumin target not found
Native extension for WindowsStandalone target not found
Native extension for WebGL target not found
Refreshing native plugins compatible for Editor in 0.45 ms, found 2 plugins.
Preloading 0 native plugins for Editor in 0.00 ms.
Mono: successfully reloaded assembly
- Completed reload, in  1.699 seconds
Domain Reload Profiling:
	ReloadAssembly (1699ms)
		BeginReloadAssembly (160ms)
			ExecutionOrderSort (0ms)
			DisableScriptedObjects (9ms)
			BackupInstance (0ms)
			ReleaseScriptingObjects (0ms)
			CreateAndSetChildDomain (42ms)
		EndReloadAssembly (1430ms)
			LoadAssemblies (148ms)
			RebuildTransferFunctionScriptingTraits (0ms)
			SetupTypeCache (493ms)
			ReleaseScriptCaches (1ms)
			RebuildScriptCaches (63ms)
			SetupLoadedEditorAssemblies (556ms)
				LogAssemblyErrors (0ms)
				InitializePlatformSupportModulesInManaged (8ms)
				SetLoadedEditorAssemblies (1ms)
				RefreshPlugins (1ms)
				BeforeProcessingInitializeOnLoad (127ms)
				ProcessInitializeOnLoadAttributes (403ms)
				ProcessInitializeOnLoadMethodAttributes (13ms)
				AfterProcessingInitializeOnLoad (3ms)
				EditorAssembliesLoaded (0ms)
			ExecutionOrderSort2 (0ms)
			AwakeInstancesAfterBackupRestoration (13ms)
Platform modules already initialized, skipping
Refreshing native plugins compatible for Editor in 0.39 ms, found 2 plugins.
Preloading 0 native plugins for Editor in 0.00 ms.
Unloading 1496 Unused Serialized files (Serialized files now loaded: 0)
System memory in use before: 67.8 MB.
System memory in use after: 67.9 MB.

Unloading 14 unused Assets to reduce memory usage. Loaded Objects now: 1943.
Total: 3.622300 ms (FindLiveObjects: 0.168000 ms CreateObjectMapping: 0.064400 ms MarkObjects: 3.361900 ms  DeleteObjects: 0.026300 ms)

AssetImportParameters requested are different than current active one (requested -> active):
  custom:framework-win-MediaFoundation: 216162199b28c13a410421893ffa2e32 -> 
  custom:video-decoder-ogg-theora: a1e56fd34408186e4bbccfd4996cb3dc -> 
  custom:container-muxer-webm: aa71ff27fc2769a1b78a27578f13a17b -> 
  custom:container-demuxer-webm: 4f35f7cbe854078d1ac9338744f61a02 -> 
  custom:container-demuxer-ogg: 62fdf1f143b41e24485cea50d1cbac27 -> 
  custom:video-encoder-webm-vp8: eb34c28f22e8b96e1ab97ce403110664 -> 
  custom:video-codec-MediaFoundation-h265: 746d11721c4dcdbdad8f713fa42b33f4 -> 
  custom:video-decoder-webm-vp8: 9c59270c3fd7afecdb556c50c9e8de78 -> 
  custom:audio-decoder-ogg-vorbis: bf7c407c2cedff20999df2af8eb42d56 -> 
  custom:audio-encoder-webm-vorbis: bf7c407c2cedff20999df2af8eb42d56 -> 
========================================================================
Received Prepare
Registering precompiled user dll's ...
Registered in 0.004560 seconds.
Begin MonoManager ReloadAssembly
Native extension for Lumin target not found
Native extension for WindowsStandalone target not found
Native extension for WebGL target not found
Refreshing native plugins compatible for Editor in 0.41 ms, found 2 plugins.
Preloading 0 native plugins for Editor in 0.00 ms.
Mono: successfully reloaded assembly
- Completed reload, in  1.346 seconds
Domain Reload Profiling:
	ReloadAssembly (1347ms)
		BeginReloadAssembly (117ms)
			ExecutionOrderSort (0ms)
			DisableScriptedObjects (7ms)
			BackupInstance (0ms)
			ReleaseScriptingObjects (0ms)
			CreateAndSetChildDomain (37ms)
		EndReloadAssembly (1153ms)
			LoadAssemblies (110ms)
			RebuildTransferFunctionScriptingTraits (0ms)
			SetupTypeCache (368ms)
			ReleaseScriptCaches (1ms)
			RebuildScriptCaches (69ms)
			SetupLoadedEditorAssemblies (466ms)
				LogAssemblyErrors (0ms)
				InitializePlatformSupportModulesInManaged (8ms)
				SetLoadedEditorAssemblies (1ms)
				RefreshPlugins (1ms)
				BeforeProcessingInitializeOnLoad (110ms)
				ProcessInitializeOnLoadAttributes (332ms)
				ProcessInitializeOnLoadMethodAttributes (11ms)
				AfterProcessingInitializeOnLoad (3ms)
				EditorAssembliesLoaded (0ms)
			ExecutionOrderSort2 (0ms)
			AwakeInstancesAfterBackupRestoration (9ms)
Platform modules already initialized, skipping
Refreshing native plugins compatible for Editor in 0.39 ms, found 2 plugins.
Preloading 0 native plugins for Editor in 0.00 ms.
Unloading 1496 Unused Serialized files (Serialized files now loaded: 0)
System memory in use before: 67.8 MB.
System memory in use after: 67.9 MB.

Unloading 14 unused Assets to reduce memory usage. Loaded Objects now: 1945.
Total: 3.700600 ms (FindLiveObjects: 0.208900 ms CreateObjectMapping: 0.066100 ms MarkObjects: 3.401900 ms  DeleteObjects: 0.022600 ms)

AssetImportParameters requested are different than current active one (requested -> active):
  custom:framework-win-MediaFoundation: 216162199b28c13a410421893ffa2e32 -> 
  custom:video-decoder-ogg-theora: a1e56fd34408186e4bbccfd4996cb3dc -> 
  custom:container-muxer-webm: aa71ff27fc2769a1b78a27578f13a17b -> 
  custom:container-demuxer-webm: 4f35f7cbe854078d1ac9338744f61a02 -> 
  custom:container-demuxer-ogg: 62fdf1f143b41e24485cea50d1cbac27 -> 
  custom:video-encoder-webm-vp8: eb34c28f22e8b96e1ab97ce403110664 -> 
  custom:video-codec-MediaFoundation-h265: 746d11721c4dcdbdad8f713fa42b33f4 -> 
  custom:video-decoder-webm-vp8: 9c59270c3fd7afecdb556c50c9e8de78 -> 
  custom:audio-decoder-ogg-vorbis: bf7c407c2cedff20999df2af8eb42d56 -> 
  custom:audio-encoder-webm-vorbis: bf7c407c2cedff20999df2af8eb42d56 -> 
========================================================================
Received Prepare
Registering precompiled user dll's ...
Registered in 0.005868 seconds.
Begin MonoManager ReloadAssembly
Native extension for Lumin target not found
Native extension for WindowsStandalone target not found
Native extension for WebGL target not found
Refreshing native plugins compatible for Editor in 1.33 ms, found 2 plugins.
Preloading 0 native plugins for Editor in 0.00 ms.
Mono: successfully reloaded assembly
- Completed reload, in  2.344 seconds
Domain Reload Profiling:
	ReloadAssembly (2345ms)
		BeginReloadAssembly (176ms)
			ExecutionOrderSort (0ms)
			DisableScriptedObjects (9ms)
			BackupInstance (0ms)
			ReleaseScriptingObjects (0ms)
			CreateAndSetChildDomain (48ms)
		EndReloadAssembly (2011ms)
			LoadAssemblies (180ms)
			RebuildTransferFunctionScriptingTraits (0ms)
			SetupTypeCache (583ms)
			ReleaseScriptCaches (1ms)
			RebuildScriptCaches (65ms)
			SetupLoadedEditorAssemblies (905ms)
				LogAssemblyErrors (0ms)
				InitializePlatformSupportModulesInManaged (20ms)
				SetLoadedEditorAssemblies (1ms)
				RefreshPlugins (2ms)
				BeforeProcessingInitializeOnLoad (179ms)
				ProcessInitializeOnLoadAttributes (671ms)
				ProcessInitializeOnLoadMethodAttributes (28ms)
				AfterProcessingInitializeOnLoad (5ms)
				EditorAssembliesLoaded (1ms)
			ExecutionOrderSort2 (0ms)
			AwakeInstancesAfterBackupRestoration (23ms)
Platform modules already initialized, skipping
Refreshing native plugins compatible for Editor in 0.88 ms, found 2 plugins.
Preloading 0 native plugins for Editor in 0.00 ms.
Unloading 1496 Unused Serialized files (Serialized files now loaded: 0)
System memory in use before: 67.8 MB.
System memory in use after: 67.9 MB.

Unloading 14 unused Assets to reduce memory usage. Loaded Objects now: 1947.
Total: 43.308300 ms (FindLiveObjects: 18.603300 ms CreateObjectMapping: 13.937100 ms MarkObjects: 10.623800 ms  DeleteObjects: 0.138100 ms)

AssetImportParameters requested are different than current active one (requested -> active):
  custom:framework-win-MediaFoundation: 216162199b28c13a410421893ffa2e32 -> 
  custom:video-decoder-ogg-theora: a1e56fd34408186e4bbccfd4996cb3dc -> 
  custom:container-muxer-webm: aa71ff27fc2769a1b78a27578f13a17b -> 
  custom:container-demuxer-webm: 4f35f7cbe854078d1ac9338744f61a02 -> 
  custom:container-demuxer-ogg: 62fdf1f143b41e24485cea50d1cbac27 -> 
  custom:video-encoder-webm-vp8: eb34c28f22e8b96e1ab97ce403110664 -> 
  custom:video-codec-MediaFoundation-h265: 746d11721c4dcdbdad8f713fa42b33f4 -> 
  custom:video-decoder-webm-vp8: 9c59270c3fd7afecdb556c50c9e8de78 -> 
  custom:audio-decoder-ogg-vorbis: bf7c407c2cedff20999df2af8eb42d56 -> 
  custom:audio-encoder-webm-vorbis: bf7c407c2cedff20999df2af8eb42d56 -> 
AssetImportWorkerClient::OnTransportError - code=2 error=End of file
